0 silly input []
1 silly flags { _: [ 'bootstrap' ], args: [] }
2 verbose rootPath /Users/saravieira/Projects/styled-loaders
3 info version 2.0.0
4 silly existsSync /Users/saravieira/Projects/styled-loaders/VERSION
5 error EPACKAGES TypeError: Cannot read property 'some' of undefined
5 error EPACKAGES     at Function.getPackages (/usr/local/lib/node_modules/lerna/lib/PackageUtilities.js:98:42)
5 error EPACKAGES     at Repository.buildPackageGraph (/usr/local/lib/node_modules/lerna/lib/Repository.js:82:51)
5 error EPACKAGES     at BootstrapCommand.runPreparations (/usr/local/lib/node_modules/lerna/lib/Command.js:245:25)
5 error EPACKAGES     at BootstrapCommand.run (/usr/local/lib/node_modules/lerna/lib/Command.js:159:12)
5 error EPACKAGES     at Object.handler (/usr/local/lib/node_modules/lerna/lib/commands/BootstrapCommand.js:59:79)
5 error EPACKAGES     at Object.self.runCommand (/usr/local/lib/node_modules/lerna/node_modules/yargs/lib/command.js:233:22)
5 error EPACKAGES     at Object.Yargs.self._parseArgs (/usr/local/lib/node_modules/lerna/node_modules/yargs/yargs.js:990:30)
5 error EPACKAGES     at Object.Yargs.self.parse (/usr/local/lib/node_modules/lerna/node_modules/yargs/yargs.js:532:23)
5 error EPACKAGES     at Object.<anonymous> (/usr/local/lib/node_modules/lerna/bin/lerna.js:4:25)
5 error EPACKAGES     at Module._compile (module.js:573:32)
5 error EPACKAGES  Errored while collecting packages and package graph { TypeError: Cannot read property 'some' of undefined
5 error EPACKAGES     at Function.getPackages (/usr/local/lib/node_modules/lerna/lib/PackageUtilities.js:98:42)
5 error EPACKAGES     at Repository.buildPackageGraph (/usr/local/lib/node_modules/lerna/lib/Repository.js:82:51)
5 error EPACKAGES     at BootstrapCommand.runPreparations (/usr/local/lib/node_modules/lerna/lib/Command.js:245:25)
5 error EPACKAGES     at BootstrapCommand.run (/usr/local/lib/node_modules/lerna/lib/Command.js:159:12)
5 error EPACKAGES     at Object.handler (/usr/local/lib/node_modules/lerna/lib/commands/BootstrapCommand.js:59:79)
5 error EPACKAGES     at Object.self.runCommand (/usr/local/lib/node_modules/lerna/node_modules/yargs/lib/command.js:233:22)
5 error EPACKAGES     at Object.Yargs.self._parseArgs (/usr/local/lib/node_modules/lerna/node_modules/yargs/yargs.js:990:30)
5 error EPACKAGES     at Object.Yargs.self.parse (/usr/local/lib/node_modules/lerna/node_modules/yargs/yargs.js:532:23)
5 error EPACKAGES     at Object.<anonymous> (/usr/local/lib/node_modules/lerna/bin/lerna.js:4:25)
5 error EPACKAGES     at Module._compile (module.js:573:32)
5 error EPACKAGES   stack: 'TypeError: Cannot read property \'some\' of undefined\n    at Function.getPackages (/usr/local/lib/node_modules/lerna/lib/PackageUtilities.js:98:42)\n    at Repository.buildPackageGraph (/usr/local/lib/node_modules/lerna/lib/Repository.js:82:51)\n    at BootstrapCommand.runPreparations (/usr/local/lib/node_modules/lerna/lib/Command.js:245:25)\n    at BootstrapCommand.run (/usr/local/lib/node_modules/lerna/lib/Command.js:159:12)\n    at Object.handler (/usr/local/lib/node_modules/lerna/lib/commands/BootstrapCommand.js:59:79)\n    at Object.self.runCommand (/usr/local/lib/node_modules/lerna/node_modules/yargs/lib/command.js:233:22)\n    at Object.Yargs.self._parseArgs (/usr/local/lib/node_modules/lerna/node_modules/yargs/yargs.js:990:30)\n    at Object.Yargs.self.parse (/usr/local/lib/node_modules/lerna/node_modules/yargs/yargs.js:532:23)\n    at Object.<anonymous> (/usr/local/lib/node_modules/lerna/bin/lerna.js:4:25)\n    at Module._compile (module.js:573:32)' }
